{"/Users/qmranik/Programming/train-service-system/src/app.js": {"path":"/Users/qmranik/Programming/train-service-system/src/app.js","statementMap":{"0":{"start":{"line":1,"column":16},"end":{"line":1,"column":34}},"1":{"start":{"line":2,"column":22},"end":{"line":2,"column":44}},"2":{"start":{"line":4,"column":19},"end":{"line":4,"column":43}},"3":{"start":{"line":5,"column":22},"end":{"line":5,"column":50}},"4":{"start":{"line":6,"column":20},"end":{"line":6,"column":46}},"5":{"start":{"line":7,"column":21},"end":{"line":7,"column":47}},"6":{"start":{"line":8,"column":21},"end":{"line":8,"column":47}},"7":{"start":{"line":10,"column":0},"end":{"line":10,"column":27}},"8":{"start":{"line":11,"column":26},"end":{"line":11,"column":57}},"9":{"start":{"line":13,"column":12},"end":{"line":13,"column":21}},"10":{"start":{"line":16,"column":0},"end":{"line":16,"column":12}},"11":{"start":{"line":19,"column":0},"end":{"line":19,"column":24}},"12":{"start":{"line":22,"column":0},"end":{"line":22,"column":33}},"13":{"start":{"line":23,"column":0},"end":{"line":23,"column":40}},"14":{"start":{"line":24,"column":0},"end":{"line":24,"column":36}},"15":{"start":{"line":25,"column":0},"end":{"line":25,"column":37}},"16":{"start":{"line":26,"column":0},"end":{"line":26,"column":38}},"17":{"start":{"line":28,"column":0},"end":{"line":28,"column":20}},"18":{"start":{"line":30,"column":0},"end":{"line":30,"column":21}}},"fnMap":{},"branchMap":{},"s":{"0":2,"1":2,"2":2,"3":2,"4":2,"5":2,"6":2,"7":2,"8":2,"9":2,"10":2,"11":2,"12":2,"13":2,"14":2,"15":2,"16":2,"17":2,"18":2},"f":{},"b":{},"_coverageSchema":"1a1c01bbd47fc00a2c39e90264f33305004495a9","hash":"7c870237d0e4ae50457efc94a213ee647788c967"}
,"/Users/qmranik/Programming/train-service-system/src/config/db.js": {"path":"/Users/qmranik/Programming/train-service-system/src/config/db.js","statementMap":{"0":{"start":{"line":1,"column":17},"end":{"line":1,"column":36}},"1":{"start":{"line":5,"column":18},"end":{"line":31,"column":1}},"2":{"start":{"line":6,"column":2},"end":{"line":8,"column":3}},"3":{"start":{"line":7,"column":4},"end":{"line":7,"column":11}},"4":{"start":{"line":9,"column":2},"end":{"line":30,"column":3}},"5":{"start":{"line":11,"column":17},"end":{"line":14,"column":6}},"6":{"start":{"line":16,"column":4},"end":{"line":16,"column":51}},"7":{"start":{"line":17,"column":4},"end":{"line":17,"column":62}},"8":{"start":{"line":19,"column":4},"end":{"line":22,"column":7}},"9":{"start":{"line":20,"column":6},"end":{"line":20,"column":42}},"10":{"start":{"line":21,"column":6},"end":{"line":21,"column":26}},"11":{"start":{"line":23,"column":4},"end":{"line":25,"column":7}},"12":{"start":{"line":24,"column":6},"end":{"line":24,"column":58}},"13":{"start":{"line":28,"column":4},"end":{"line":28,"column":45}},"14":{"start":{"line":29,"column":4},"end":{"line":29,"column":50}},"15":{"start":{"line":34,"column":21},"end":{"line":37,"column":1}},"16":{"start":{"line":35,"column":2},"end":{"line":35,"column":36}},"17":{"start":{"line":36,"column":2},"end":{"line":36,"column":22}},"18":{"start":{"line":39,"column":0},"end":{"line":42,"column":2}}},"fnMap":{"0":{"name":"(anonymous_0)","decl":{"start":{"line":5,"column":18},"end":{"line":5,"column":19}},"loc":{"start":{"line":5,"column":30},"end":{"line":31,"column":1}},"line":5},"1":{"name":"(anonymous_1)","decl":{"start":{"line":19,"column":43},"end":{"line":19,"column":44}},"loc":{"start":{"line":19,"column":49},"end":{"line":22,"column":5}},"line":19},"2":{"name":"(anonymous_2)","decl":{"start":{"line":23,"column":36},"end":{"line":23,"column":37}},"loc":{"start":{"line":23,"column":47},"end":{"line":25,"column":5}},"line":23},"3":{"name":"(anonymous_3)","decl":{"start":{"line":34,"column":21},"end":{"line":34,"column":22}},"loc":{"start":{"line":34,"column":33},"end":{"line":37,"column":1}},"line":34}},"branchMap":{"0":{"loc":{"start":{"line":6,"column":2},"end":{"line":8,"column":3}},"type":"if","locations":[{"start":{"line":6,"column":2},"end":{"line":8,"column":3}},{"start":{},"end":{}}],"line":6}},"s":{"0":2,"1":2,"2":4,"3":0,"4":4,"5":4,"6":4,"7":4,"8":4,"9":4,"10":4,"11":4,"12":0,"13":0,"14":0,"15":2,"16":2,"17":2,"18":2},"f":{"0":4,"1":4,"2":0,"3":2},"b":{"0":[0,4]},"_coverageSchema":"1a1c01bbd47fc00a2c39e90264f33305004495a9","hash":"a7effe0496acf0bd8d70d7ef5b22618af149881b"}
,"/Users/qmranik/Programming/train-service-system/src/controllers/stationController.js": {"path":"/Users/qmranik/Programming/train-service-system/src/controllers/stationController.js","statementMap":{"0":{"start":{"line":2,"column":16},"end":{"line":2,"column":44}},"1":{"start":{"line":6,"column":22},"end":{"line":32,"column":1}},"2":{"start":{"line":7,"column":35},"end":{"line":7,"column":43}},"3":{"start":{"line":10,"column":2},"end":{"line":12,"column":3}},"4":{"start":{"line":11,"column":4},"end":{"line":11,"column":83}},"5":{"start":{"line":14,"column":24},"end":{"line":14,"column":55}},"6":{"start":{"line":15,"column":2},"end":{"line":17,"column":3}},"7":{"start":{"line":16,"column":4},"end":{"line":16,"column":71}},"8":{"start":{"line":20,"column":18},"end":{"line":24,"column":4}},"9":{"start":{"line":26,"column":2},"end":{"line":31,"column":3}},"10":{"start":{"line":27,"column":25},"end":{"line":27,"column":45}},"11":{"start":{"line":28,"column":4},"end":{"line":28,"column":39}},"12":{"start":{"line":30,"column":4},"end":{"line":30,"column":88}},"13":{"start":{"line":35,"column":20},"end":{"line":42,"column":1}},"14":{"start":{"line":36,"column":2},"end":{"line":41,"column":3}},"15":{"start":{"line":37,"column":21},"end":{"line":37,"column":43}},"16":{"start":{"line":38,"column":4},"end":{"line":38,"column":35}},"17":{"start":{"line":40,"column":4},"end":{"line":40,"column":91}},"18":{"start":{"line":45,"column":22},"end":{"line":65,"column":1}},"19":{"start":{"line":46,"column":17},"end":{"line":46,"column":27}},"20":{"start":{"line":47,"column":35},"end":{"line":47,"column":43}},"21":{"start":{"line":49,"column":2},"end":{"line":64,"column":3}},"22":{"start":{"line":50,"column":20},"end":{"line":50,"column":46}},"23":{"start":{"line":52,"column":4},"end":{"line":54,"column":5}},"24":{"start":{"line":53,"column":6},"end":{"line":53,"column":68}},"25":{"start":{"line":56,"column":4},"end":{"line":56,"column":40}},"26":{"start":{"line":57,"column":4},"end":{"line":57,"column":52}},"27":{"start":{"line":58,"column":4},"end":{"line":58,"column":40}},"28":{"start":{"line":60,"column":27},"end":{"line":60,"column":47}},"29":{"start":{"line":61,"column":4},"end":{"line":61,"column":41}},"30":{"start":{"line":63,"column":4},"end":{"line":63,"column":88}},"31":{"start":{"line":67,"column":0},"end":{"line":71,"column":2}}},"fnMap":{"0":{"name":"(anonymous_0)","decl":{"start":{"line":6,"column":22},"end":{"line":6,"column":23}},"loc":{"start":{"line":6,"column":42},"end":{"line":32,"column":1}},"line":6},"1":{"name":"(anonymous_1)","decl":{"start":{"line":35,"column":20},"end":{"line":35,"column":21}},"loc":{"start":{"line":35,"column":40},"end":{"line":42,"column":1}},"line":35},"2":{"name":"(anonymous_2)","decl":{"start":{"line":45,"column":22},"end":{"line":45,"column":23}},"loc":{"start":{"line":45,"column":42},"end":{"line":65,"column":1}},"line":45}},"branchMap":{"0":{"loc":{"start":{"line":10,"column":2},"end":{"line":12,"column":3}},"type":"if","locations":[{"start":{"line":10,"column":2},"end":{"line":12,"column":3}},{"start":{},"end":{}}],"line":10},"1":{"loc":{"start":{"line":10,"column":6},"end":{"line":10,"column":33}},"type":"binary-expr","locations":[{"start":{"line":10,"column":6},"end":{"line":10,"column":11}},{"start":{"line":10,"column":15},"end":{"line":10,"column":24}},{"start":{"line":10,"column":28},"end":{"line":10,"column":33}}],"line":10},"2":{"loc":{"start":{"line":15,"column":2},"end":{"line":17,"column":3}},"type":"if","locations":[{"start":{"line":15,"column":2},"end":{"line":17,"column":3}},{"start":{},"end":{}}],"line":15},"3":{"loc":{"start":{"line":52,"column":4},"end":{"line":54,"column":5}},"type":"if","locations":[{"start":{"line":52,"column":4},"end":{"line":54,"column":5}},{"start":{},"end":{}}],"line":52},"4":{"loc":{"start":{"line":56,"column":19},"end":{"line":56,"column":39}},"type":"binary-expr","locations":[{"start":{"line":56,"column":19},"end":{"line":56,"column":23}},{"start":{"line":56,"column":27},"end":{"line":56,"column":39}}],"line":56},"5":{"loc":{"start":{"line":57,"column":23},"end":{"line":57,"column":51}},"type":"binary-expr","locations":[{"start":{"line":57,"column":23},"end":{"line":57,"column":31}},{"start":{"line":57,"column":35},"end":{"line":57,"column":51}}],"line":57},"6":{"loc":{"start":{"line":58,"column":19},"end":{"line":58,"column":39}},"type":"binary-expr","locations":[{"start":{"line":58,"column":19},"end":{"line":58,"column":23}},{"start":{"line":58,"column":27},"end":{"line":58,"column":39}}],"line":58}},"s":{"0":2,"1":2,"2":0,"3":0,"4":0,"5":0,"6":0,"7":0,"8":0,"9":0,"10":0,"11":0,"12":0,"13":2,"14":0,"15":0,"16":0,"17":0,"18":2,"19":0,"20":0,"21":0,"22":0,"23":0,"24":0,"25":0,"26":0,"27":0,"28":0,"29":0,"30":0,"31":2},"f":{"0":0,"1":0,"2":0},"b":{"0":[0,0],"1":[0,0,0],"2":[0,0],"3":[0,0],"4":[0,0],"5":[0,0],"6":[0,0]},"_coverageSchema":"1a1c01bbd47fc00a2c39e90264f33305004495a9","hash":"3bf16c3a8953cd0dd111588a8c80c1f104e8453f"}
,"/Users/qmranik/Programming/train-service-system/src/controllers/trainController.js": {"path":"/Users/qmranik/Programming/train-service-system/src/controllers/trainController.js","statementMap":{"0":{"start":{"line":2,"column":14},"end":{"line":2,"column":40}},"1":{"start":{"line":3,"column":16},"end":{"line":3,"column":44}},"2":{"start":{"line":6,"column":20},"end":{"line":38,"column":1}},"3":{"start":{"line":7,"column":39},"end":{"line":7,"column":47}},"4":{"start":{"line":9,"column":2},"end":{"line":11,"column":3}},"5":{"start":{"line":10,"column":4},"end":{"line":10,"column":103}},"6":{"start":{"line":13,"column":22},"end":{"line":13,"column":58}},"7":{"start":{"line":14,"column":2},"end":{"line":16,"column":3}},"8":{"start":{"line":15,"column":4},"end":{"line":15,"column":86}},"9":{"start":{"line":18,"column":2},"end":{"line":23,"column":3}},"10":{"start":{"line":19,"column":20},"end":{"line":19,"column":56}},"11":{"start":{"line":20,"column":4},"end":{"line":22,"column":5}},"12":{"start":{"line":21,"column":6},"end":{"line":21,"column":92}},"13":{"start":{"line":26,"column":16},"end":{"line":30,"column":4}},"14":{"start":{"line":32,"column":2},"end":{"line":37,"column":3}},"15":{"start":{"line":33,"column":23},"end":{"line":33,"column":41}},"16":{"start":{"line":34,"column":4},"end":{"line":34,"column":37}},"17":{"start":{"line":36,"column":4},"end":{"line":36,"column":86}},"18":{"start":{"line":41,"column":18},"end":{"line":48,"column":1}},"19":{"start":{"line":42,"column":2},"end":{"line":47,"column":3}},"20":{"start":{"line":43,"column":19},"end":{"line":43,"column":87}},"21":{"start":{"line":44,"column":4},"end":{"line":44,"column":33}},"22":{"start":{"line":46,"column":4},"end":{"line":46,"column":89}},"23":{"start":{"line":51,"column":20},"end":{"line":82,"column":1}},"24":{"start":{"line":52,"column":17},"end":{"line":52,"column":27}},"25":{"start":{"line":53,"column":39},"end":{"line":53,"column":47}},"26":{"start":{"line":55,"column":2},"end":{"line":81,"column":3}},"27":{"start":{"line":56,"column":18},"end":{"line":56,"column":42}},"28":{"start":{"line":58,"column":4},"end":{"line":60,"column":5}},"29":{"start":{"line":59,"column":6},"end":{"line":59,"column":66}},"30":{"start":{"line":63,"column":4},"end":{"line":63,"column":57}},"31":{"start":{"line":64,"column":4},"end":{"line":64,"column":36}},"32":{"start":{"line":67,"column":4},"end":{"line":75,"column":5}},"33":{"start":{"line":68,"column":6},"end":{"line":73,"column":7}},"34":{"start":{"line":69,"column":24},"end":{"line":69,"column":60}},"35":{"start":{"line":70,"column":8},"end":{"line":72,"column":9}},"36":{"start":{"line":71,"column":10},"end":{"line":71,"column":96}},"37":{"start":{"line":74,"column":6},"end":{"line":74,"column":26}},"38":{"start":{"line":77,"column":25},"end":{"line":77,"column":43}},"39":{"start":{"line":78,"column":4},"end":{"line":78,"column":39}},"40":{"start":{"line":80,"column":4},"end":{"line":80,"column":86}},"41":{"start":{"line":84,"column":0},"end":{"line":88,"column":2}}},"fnMap":{"0":{"name":"(anonymous_0)","decl":{"start":{"line":6,"column":20},"end":{"line":6,"column":21}},"loc":{"start":{"line":6,"column":40},"end":{"line":38,"column":1}},"line":6},"1":{"name":"(anonymous_1)","decl":{"start":{"line":41,"column":18},"end":{"line":41,"column":19}},"loc":{"start":{"line":41,"column":38},"end":{"line":48,"column":1}},"line":41},"2":{"name":"(anonymous_2)","decl":{"start":{"line":51,"column":20},"end":{"line":51,"column":21}},"loc":{"start":{"line":51,"column":40},"end":{"line":82,"column":1}},"line":51}},"branchMap":{"0":{"loc":{"start":{"line":9,"column":2},"end":{"line":11,"column":3}},"type":"if","locations":[{"start":{"line":9,"column":2},"end":{"line":11,"column":3}},{"start":{},"end":{}}],"line":9},"1":{"loc":{"start":{"line":9,"column":6},"end":{"line":9,"column":84}},"type":"binary-expr","locations":[{"start":{"line":9,"column":6},"end":{"line":9,"column":18}},{"start":{"line":9,"column":22},"end":{"line":9,"column":27}},{"start":{"line":9,"column":31},"end":{"line":9,"column":37}},{"start":{"line":9,"column":41},"end":{"line":9,"column":62}},{"start":{"line":9,"column":66},"end":{"line":9,"column":84}}],"line":9},"2":{"loc":{"start":{"line":14,"column":2},"end":{"line":16,"column":3}},"type":"if","locations":[{"start":{"line":14,"column":2},"end":{"line":16,"column":3}},{"start":{},"end":{}}],"line":14},"3":{"loc":{"start":{"line":20,"column":4},"end":{"line":22,"column":5}},"type":"if","locations":[{"start":{"line":20,"column":4},"end":{"line":22,"column":5}},{"start":{},"end":{}}],"line":20},"4":{"loc":{"start":{"line":58,"column":4},"end":{"line":60,"column":5}},"type":"if","locations":[{"start":{"line":58,"column":4},"end":{"line":60,"column":5}},{"start":{},"end":{}}],"line":58},"5":{"loc":{"start":{"line":63,"column":24},"end":{"line":63,"column":56}},"type":"binary-expr","locations":[{"start":{"line":63,"column":24},"end":{"line":63,"column":35}},{"start":{"line":63,"column":39},"end":{"line":63,"column":56}}],"line":63},"6":{"loc":{"start":{"line":64,"column":17},"end":{"line":64,"column":35}},"type":"binary-expr","locations":[{"start":{"line":64,"column":17},"end":{"line":64,"column":21}},{"start":{"line":64,"column":25},"end":{"line":64,"column":35}}],"line":64},"7":{"loc":{"start":{"line":67,"column":4},"end":{"line":75,"column":5}},"type":"if","locations":[{"start":{"line":67,"column":4},"end":{"line":75,"column":5}},{"start":{},"end":{}}],"line":67},"8":{"loc":{"start":{"line":67,"column":8},"end":{"line":67,"column":57}},"type":"binary-expr","locations":[{"start":{"line":67,"column":8},"end":{"line":67,"column":13}},{"start":{"line":67,"column":17},"end":{"line":67,"column":37}},{"start":{"line":67,"column":41},"end":{"line":67,"column":57}}],"line":67},"9":{"loc":{"start":{"line":70,"column":8},"end":{"line":72,"column":9}},"type":"if","locations":[{"start":{"line":70,"column":8},"end":{"line":72,"column":9}},{"start":{},"end":{}}],"line":70}},"s":{"0":2,"1":2,"2":2,"3":3,"4":3,"5":3,"6":0,"7":0,"8":0,"9":0,"10":0,"11":0,"12":0,"13":0,"14":0,"15":0,"16":0,"17":0,"18":2,"19":0,"20":0,"21":0,"22":0,"23":2,"24":0,"25":0,"26":0,"27":0,"28":0,"29":0,"30":0,"31":0,"32":0,"33":0,"34":0,"35":0,"36":0,"37":0,"38":0,"39":0,"40":0,"41":2},"f":{"0":3,"1":0,"2":0},"b":{"0":[3,0],"1":[3,2,0,0,0],"2":[0,0],"3":[0,0],"4":[0,0],"5":[0,0],"6":[0,0],"7":[0,0],"8":[0,0,0],"9":[0,0]},"_coverageSchema":"1a1c01bbd47fc00a2c39e90264f33305004495a9","hash":"6418301b1bc1c23ba18c614537ab00f1ccefbf3e"}
,"/Users/qmranik/Programming/train-service-system/src/controllers/userController.js": {"path":"/Users/qmranik/Programming/train-service-system/src/controllers/userController.js","statementMap":{"0":{"start":{"line":1,"column":13},"end":{"line":1,"column":38}},"1":{"start":{"line":2,"column":15},"end":{"line":2,"column":32}},"2":{"start":{"line":3,"column":12},"end":{"line":3,"column":35}},"3":{"start":{"line":6,"column":22},"end":{"line":8,"column":1}},"4":{"start":{"line":7,"column":2},"end":{"line":7,"column":72}},"5":{"start":{"line":12,"column":21},"end":{"line":39,"column":1}},"6":{"start":{"line":13,"column":36},"end":{"line":13,"column":44}},"7":{"start":{"line":16,"column":21},"end":{"line":16,"column":50}},"8":{"start":{"line":18,"column":2},"end":{"line":20,"column":3}},"9":{"start":{"line":19,"column":4},"end":{"line":19,"column":68}},"10":{"start":{"line":22,"column":15},"end":{"line":26,"column":4}},"11":{"start":{"line":28,"column":2},"end":{"line":38,"column":3}},"12":{"start":{"line":29,"column":4},"end":{"line":35,"column":7}},"13":{"start":{"line":37,"column":4},"end":{"line":37,"column":59}},"14":{"start":{"line":42,"column":18},"end":{"line":59,"column":1}},"15":{"start":{"line":43,"column":30},"end":{"line":43,"column":38}},"16":{"start":{"line":45,"column":15},"end":{"line":45,"column":44}},"17":{"start":{"line":48,"column":2},"end":{"line":58,"column":3}},"18":{"start":{"line":49,"column":4},"end":{"line":55,"column":7}},"19":{"start":{"line":57,"column":4},"end":{"line":57,"column":67}},"20":{"start":{"line":61,"column":0},"end":{"line":64,"column":2}}},"fnMap":{"0":{"name":"(anonymous_0)","decl":{"start":{"line":6,"column":22},"end":{"line":6,"column":23}},"loc":{"start":{"line":6,"column":30},"end":{"line":8,"column":1}},"line":6},"1":{"name":"(anonymous_1)","decl":{"start":{"line":12,"column":21},"end":{"line":12,"column":22}},"loc":{"start":{"line":12,"column":41},"end":{"line":39,"column":1}},"line":12},"2":{"name":"(anonymous_2)","decl":{"start":{"line":42,"column":18},"end":{"line":42,"column":19}},"loc":{"start":{"line":42,"column":38},"end":{"line":59,"column":1}},"line":42}},"branchMap":{"0":{"loc":{"start":{"line":18,"column":2},"end":{"line":20,"column":3}},"type":"if","locations":[{"start":{"line":18,"column":2},"end":{"line":20,"column":3}},{"start":{},"end":{}}],"line":18},"1":{"loc":{"start":{"line":28,"column":2},"end":{"line":38,"column":3}},"type":"if","locations":[{"start":{"line":28,"column":2},"end":{"line":38,"column":3}},{"start":{"line":36,"column":9},"end":{"line":38,"column":3}}],"line":28},"2":{"loc":{"start":{"line":48,"column":2},"end":{"line":58,"column":3}},"type":"if","locations":[{"start":{"line":48,"column":2},"end":{"line":58,"column":3}},{"start":{"line":56,"column":9},"end":{"line":58,"column":3}}],"line":48},"3":{"loc":{"start":{"line":48,"column":6},"end":{"line":48,"column":50}},"type":"binary-expr","locations":[{"start":{"line":48,"column":6},"end":{"line":48,"column":10}},{"start":{"line":48,"column":15},"end":{"line":48,"column":49}}],"line":48}},"s":{"0":2,"1":2,"2":2,"3":2,"4":6,"5":2,"6":5,"7":5,"8":5,"9":1,"10":4,"11":4,"12":4,"13":0,"14":2,"15":3,"16":3,"17":3,"18":2,"19":1,"20":2},"f":{"0":6,"1":5,"2":3},"b":{"0":[1,4],"1":[4,0],"2":[2,1],"3":[3,2]},"_coverageSchema":"1a1c01bbd47fc00a2c39e90264f33305004495a9","hash":"54c1db61d09cc9882a459a5b1368fade28ebdae0"}
,"/Users/qmranik/Programming/train-service-system/src/controllers/walletController.js": {"path":"/Users/qmranik/Programming/train-service-system/src/controllers/walletController.js","statementMap":{"0":{"start":{"line":2,"column":15},"end":{"line":2,"column":42}},"1":{"start":{"line":3,"column":15},"end":{"line":3,"column":42}},"2":{"start":{"line":4,"column":14},"end":{"line":4,"column":40}},"3":{"start":{"line":5,"column":13},"end":{"line":5,"column":38}},"4":{"start":{"line":8,"column":22},"end":{"line":19,"column":1}},"5":{"start":{"line":9,"column":22},"end":{"line":9,"column":72}},"6":{"start":{"line":9,"column":48},"end":{"line":9,"column":71}},"7":{"start":{"line":10,"column":27},"end":{"line":10,"column":82}},"8":{"start":{"line":10,"column":53},"end":{"line":10,"column":81}},"9":{"start":{"line":12,"column":2},"end":{"line":14,"column":3}},"10":{"start":{"line":13,"column":4},"end":{"line":13,"column":53}},"11":{"start":{"line":17,"column":15},"end":{"line":17,"column":52}},"12":{"start":{"line":18,"column":2},"end":{"line":18,"column":14}},"13":{"start":{"line":22,"column":17},"end":{"line":57,"column":1}},"14":{"start":{"line":23,"column":21},"end":{"line":23,"column":29}},"15":{"start":{"line":24,"column":17},"end":{"line":24,"column":29}},"16":{"start":{"line":26,"column":2},"end":{"line":28,"column":3}},"17":{"start":{"line":27,"column":4},"end":{"line":27,"column":78}},"18":{"start":{"line":30,"column":2},"end":{"line":56,"column":3}},"19":{"start":{"line":31,"column":17},"end":{"line":31,"column":55}},"20":{"start":{"line":34,"column":4},"end":{"line":40,"column":5}},"21":{"start":{"line":35,"column":6},"end":{"line":39,"column":9}},"22":{"start":{"line":43,"column":4},"end":{"line":43,"column":29}},"23":{"start":{"line":46,"column":4},"end":{"line":50,"column":7}},"24":{"start":{"line":52,"column":4},"end":{"line":52,"column":24}},"25":{"start":{"line":53,"column":4},"end":{"line":53,"column":74}},"26":{"start":{"line":55,"column":4},"end":{"line":55,"column":83}},"27":{"start":{"line":60,"column":25},"end":{"line":77,"column":1}},"28":{"start":{"line":61,"column":17},"end":{"line":61,"column":29}},"29":{"start":{"line":63,"column":2},"end":{"line":76,"column":3}},"30":{"start":{"line":64,"column":19},"end":{"line":64,"column":57}},"31":{"start":{"line":66,"column":4},"end":{"line":68,"column":5}},"32":{"start":{"line":67,"column":6},"end":{"line":67,"column":67}},"33":{"start":{"line":70,"column":4},"end":{"line":73,"column":7}},"34":{"start":{"line":75,"column":4},"end":{"line":75,"column":97}},"35":{"start":{"line":80,"column":23},"end":{"line":126,"column":1}},"36":{"start":{"line":81,"column":43},"end":{"line":81,"column":51}},"37":{"start":{"line":82,"column":17},"end":{"line":82,"column":29}},"38":{"start":{"line":84,"column":2},"end":{"line":125,"column":3}},"39":{"start":{"line":86,"column":18},"end":{"line":86,"column":47}},"40":{"start":{"line":87,"column":4},"end":{"line":89,"column":5}},"41":{"start":{"line":88,"column":6},"end":{"line":88,"column":66}},"42":{"start":{"line":91,"column":17},"end":{"line":91,"column":64}},"43":{"start":{"line":93,"column":19},"end":{"line":93,"column":57}},"44":{"start":{"line":94,"column":4},"end":{"line":96,"column":5}},"45":{"start":{"line":95,"column":6},"end":{"line":95,"column":67}},"46":{"start":{"line":98,"column":4},"end":{"line":100,"column":5}},"47":{"start":{"line":99,"column":6},"end":{"line":99,"column":69}},"48":{"start":{"line":102,"column":4},"end":{"line":102,"column":27}},"49":{"start":{"line":104,"column":4},"end":{"line":108,"column":7}},"50":{"start":{"line":110,"column":4},"end":{"line":110,"column":24}},"51":{"start":{"line":112,"column":19},"end":{"line":118,"column":6}},"52":{"start":{"line":120,"column":4},"end":{"line":120,"column":24}},"53":{"start":{"line":122,"column":4},"end":{"line":122,"column":79}},"54":{"start":{"line":124,"column":4},"end":{"line":124,"column":86}},"55":{"start":{"line":129,"column":0},"end":{"line":133,"column":2}}},"fnMap":{"0":{"name":"(anonymous_0)","decl":{"start":{"line":8,"column":22},"end":{"line":8,"column":23}},"loc":{"start":{"line":8,"column":54},"end":{"line":19,"column":1}},"line":8},"1":{"name":"(anonymous_1)","decl":{"start":{"line":9,"column":38},"end":{"line":9,"column":39}},"loc":{"start":{"line":9,"column":48},"end":{"line":9,"column":71}},"line":9},"2":{"name":"(anonymous_2)","decl":{"start":{"line":10,"column":43},"end":{"line":10,"column":44}},"loc":{"start":{"line":10,"column":53},"end":{"line":10,"column":81}},"line":10},"3":{"name":"(anonymous_3)","decl":{"start":{"line":22,"column":17},"end":{"line":22,"column":18}},"loc":{"start":{"line":22,"column":37},"end":{"line":57,"column":1}},"line":22},"4":{"name":"(anonymous_4)","decl":{"start":{"line":60,"column":25},"end":{"line":60,"column":26}},"loc":{"start":{"line":60,"column":45},"end":{"line":77,"column":1}},"line":60},"5":{"name":"(anonymous_5)","decl":{"start":{"line":80,"column":23},"end":{"line":80,"column":24}},"loc":{"start":{"line":80,"column":43},"end":{"line":126,"column":1}},"line":80}},"branchMap":{"0":{"loc":{"start":{"line":12,"column":2},"end":{"line":14,"column":3}},"type":"if","locations":[{"start":{"line":12,"column":2},"end":{"line":14,"column":3}},{"start":{},"end":{}}],"line":12},"1":{"loc":{"start":{"line":12,"column":6},"end":{"line":12,"column":86}},"type":"binary-expr","locations":[{"start":{"line":12,"column":6},"end":{"line":12,"column":24}},{"start":{"line":12,"column":28},"end":{"line":12,"column":51}},{"start":{"line":12,"column":55},"end":{"line":12,"column":86}}],"line":12},"2":{"loc":{"start":{"line":26,"column":2},"end":{"line":28,"column":3}},"type":"if","locations":[{"start":{"line":26,"column":2},"end":{"line":28,"column":3}},{"start":{},"end":{}}],"line":26},"3":{"loc":{"start":{"line":26,"column":6},"end":{"line":26,"column":28}},"type":"binary-expr","locations":[{"start":{"line":26,"column":6},"end":{"line":26,"column":13}},{"start":{"line":26,"column":17},"end":{"line":26,"column":28}}],"line":26},"4":{"loc":{"start":{"line":34,"column":4},"end":{"line":40,"column":5}},"type":"if","locations":[{"start":{"line":34,"column":4},"end":{"line":40,"column":5}},{"start":{},"end":{}}],"line":34},"5":{"loc":{"start":{"line":66,"column":4},"end":{"line":68,"column":5}},"type":"if","locations":[{"start":{"line":66,"column":4},"end":{"line":68,"column":5}},{"start":{},"end":{}}],"line":66},"6":{"loc":{"start":{"line":87,"column":4},"end":{"line":89,"column":5}},"type":"if","locations":[{"start":{"line":87,"column":4},"end":{"line":89,"column":5}},{"start":{},"end":{}}],"line":87},"7":{"loc":{"start":{"line":94,"column":4},"end":{"line":96,"column":5}},"type":"if","locations":[{"start":{"line":94,"column":4},"end":{"line":96,"column":5}},{"start":{},"end":{}}],"line":94},"8":{"loc":{"start":{"line":98,"column":4},"end":{"line":100,"column":5}},"type":"if","locations":[{"start":{"line":98,"column":4},"end":{"line":100,"column":5}},{"start":{},"end":{}}],"line":98}},"s":{"0":2,"1":2,"2":2,"3":2,"4":2,"5":0,"6":0,"7":0,"8":0,"9":0,"10":0,"11":0,"12":0,"13":2,"14":0,"15":0,"16":0,"17":0,"18":0,"19":0,"20":0,"21":0,"22":0,"23":0,"24":0,"25":0,"26":0,"27":2,"28":0,"29":0,"30":0,"31":0,"32":0,"33":0,"34":0,"35":2,"36":0,"37":0,"38":0,"39":0,"40":0,"41":0,"42":0,"43":0,"44":0,"45":0,"46":0,"47":0,"48":0,"49":0,"50":0,"51":0,"52":0,"53":0,"54":0,"55":2},"f":{"0":0,"1":0,"2":0,"3":0,"4":0,"5":0},"b":{"0":[0,0],"1":[0,0,0],"2":[0,0],"3":[0,0],"4":[0,0],"5":[0,0],"6":[0,0],"7":[0,0],"8":[0,0]},"_coverageSchema":"1a1c01bbd47fc00a2c39e90264f33305004495a9","hash":"b317460a91bd486cd993c237581ee502935740e1"}
,"/Users/qmranik/Programming/train-service-system/src/middleware/authMiddleware.js": {"path":"/Users/qmranik/Programming/train-service-system/src/middleware/authMiddleware.js","statementMap":{"0":{"start":{"line":2,"column":12},"end":{"line":2,"column":35}},"1":{"start":{"line":3,"column":13},"end":{"line":3,"column":38}},"2":{"start":{"line":5,"column":16},"end":{"line":27,"column":1}},"3":{"start":{"line":9,"column":2},"end":{"line":22,"column":3}},"4":{"start":{"line":10,"column":4},"end":{"line":21,"column":5}},"5":{"start":{"line":11,"column":6},"end":{"line":11,"column":54}},"6":{"start":{"line":13,"column":22},"end":{"line":13,"column":63}},"7":{"start":{"line":15,"column":6},"end":{"line":15,"column":69}},"8":{"start":{"line":17,"column":6},"end":{"line":17,"column":13}},"9":{"start":{"line":19,"column":6},"end":{"line":19,"column":65}},"10":{"start":{"line":20,"column":6},"end":{"line":20,"column":79}},"11":{"start":{"line":24,"column":2},"end":{"line":26,"column":3}},"12":{"start":{"line":25,"column":4},"end":{"line":25,"column":82}},"13":{"start":{"line":29,"column":0},"end":{"line":29,"column":29}}},"fnMap":{"0":{"name":"(anonymous_0)","decl":{"start":{"line":5,"column":16},"end":{"line":5,"column":17}},"loc":{"start":{"line":5,"column":42},"end":{"line":27,"column":1}},"line":5}},"branchMap":{"0":{"loc":{"start":{"line":9,"column":2},"end":{"line":22,"column":3}},"type":"if","locations":[{"start":{"line":9,"column":2},"end":{"line":22,"column":3}},{"start":{},"end":{}}],"line":9},"1":{"loc":{"start":{"line":9,"column":6},"end":{"line":9,"column":81}},"type":"binary-expr","locations":[{"start":{"line":9,"column":6},"end":{"line":9,"column":31}},{"start":{"line":9,"column":35},"end":{"line":9,"column":81}}],"line":9},"2":{"loc":{"start":{"line":24,"column":2},"end":{"line":26,"column":3}},"type":"if","locations":[{"start":{"line":24,"column":2},"end":{"line":26,"column":3}},{"start":{},"end":{}}],"line":24}},"s":{"0":2,"1":2,"2":2,"3":3,"4":3,"5":3,"6":3,"7":3,"8":3,"9":0,"10":0,"11":3,"12":0,"13":2},"f":{"0":3},"b":{"0":[3,0],"1":[3,3],"2":[0,3]},"_coverageSchema":"1a1c01bbd47fc00a2c39e90264f33305004495a9","hash":"950ca66ab3d06b95b0bc5a7cd08d530bc429763d"}
,"/Users/qmranik/Programming/train-service-system/src/models/station.js": {"path":"/Users/qmranik/Programming/train-service-system/src/models/station.js","statementMap":{"0":{"start":{"line":2,"column":17},"end":{"line":2,"column":36}},"1":{"start":{"line":5,"column":22},"end":{"line":23,"column":1}},"2":{"start":{"line":25,"column":0},"end":{"line":25,"column":58}}},"fnMap":{},"branchMap":{},"s":{"0":2,"1":2,"2":2},"f":{},"b":{},"_coverageSchema":"1a1c01bbd47fc00a2c39e90264f33305004495a9","hash":"93ef70d1965f07c4eee2554553f4bf528eb49f9a"}
,"/Users/qmranik/Programming/train-service-system/src/models/ticket.js": {"path":"/Users/qmranik/Programming/train-service-system/src/models/ticket.js","statementMap":{"0":{"start":{"line":2,"column":17},"end":{"line":2,"column":36}},"1":{"start":{"line":5,"column":21},"end":{"line":32,"column":2}},"2":{"start":{"line":34,"column":15},"end":{"line":34,"column":53}},"3":{"start":{"line":36,"column":0},"end":{"line":36,"column":24}}},"fnMap":{},"branchMap":{},"s":{"0":2,"1":2,"2":2,"3":2},"f":{},"b":{},"_coverageSchema":"1a1c01bbd47fc00a2c39e90264f33305004495a9","hash":"4b6482951b10b9b693931ff147ac84aeb10dbc81"}
,"/Users/qmranik/Programming/train-service-system/src/models/train.js": {"path":"/Users/qmranik/Programming/train-service-system/src/models/train.js","statementMap":{"0":{"start":{"line":2,"column":17},"end":{"line":2,"column":36}},"1":{"start":{"line":5,"column":19},"end":{"line":19,"column":2}},"2":{"start":{"line":21,"column":20},"end":{"line":35,"column":1}},"3":{"start":{"line":37,"column":14},"end":{"line":37,"column":50}},"4":{"start":{"line":39,"column":0},"end":{"line":39,"column":23}}},"fnMap":{},"branchMap":{},"s":{"0":2,"1":2,"2":2,"3":2,"4":2},"f":{},"b":{},"_coverageSchema":"1a1c01bbd47fc00a2c39e90264f33305004495a9","hash":"dd094fbbd1416ef71bbf14f708d644029caf51f7"}
,"/Users/qmranik/Programming/train-service-system/src/models/user.js": {"path":"/Users/qmranik/Programming/train-service-system/src/models/user.js","statementMap":{"0":{"start":{"line":1,"column":17},"end":{"line":1,"column":36}},"1":{"start":{"line":2,"column":15},"end":{"line":2,"column":32}},"2":{"start":{"line":4,"column":19},"end":{"line":16,"column":2}},"3":{"start":{"line":19,"column":0},"end":{"line":24,"column":3}},"4":{"start":{"line":20,"column":2},"end":{"line":20,"column":50}},"5":{"start":{"line":20,"column":36},"end":{"line":20,"column":50}},"6":{"start":{"line":21,"column":15},"end":{"line":21,"column":39}},"7":{"start":{"line":22,"column":2},"end":{"line":22,"column":57}},"8":{"start":{"line":23,"column":2},"end":{"line":23,"column":9}},"9":{"start":{"line":27,"column":0},"end":{"line":29,"column":2}},"10":{"start":{"line":28,"column":2},"end":{"line":28,"column":62}},"11":{"start":{"line":31,"column":0},"end":{"line":31,"column":52}}},"fnMap":{"0":{"name":"(anonymous_0)","decl":{"start":{"line":19,"column":23},"end":{"line":19,"column":24}},"loc":{"start":{"line":19,"column":45},"end":{"line":24,"column":1}},"line":19},"1":{"name":"(anonymous_1)","decl":{"start":{"line":27,"column":35},"end":{"line":27,"column":36}},"loc":{"start":{"line":27,"column":68},"end":{"line":29,"column":1}},"line":27}},"branchMap":{"0":{"loc":{"start":{"line":20,"column":2},"end":{"line":20,"column":50}},"type":"if","locations":[{"start":{"line":20,"column":2},"end":{"line":20,"column":50}},{"start":{},"end":{}}],"line":20}},"s":{"0":2,"1":2,"2":2,"3":2,"4":4,"5":0,"6":4,"7":4,"8":4,"9":2,"10":2,"11":2},"f":{"0":4,"1":2},"b":{"0":[0,4]},"_coverageSchema":"1a1c01bbd47fc00a2c39e90264f33305004495a9","hash":"31b96225d296d9d3fcf63975239dfdc93ba1349e"}
,"/Users/qmranik/Programming/train-service-system/src/models/wallet.js": {"path":"/Users/qmranik/Programming/train-service-system/src/models/wallet.js","statementMap":{"0":{"start":{"line":2,"column":17},"end":{"line":2,"column":36}},"1":{"start":{"line":4,"column":26},"end":{"line":21,"column":2}},"2":{"start":{"line":24,"column":21},"end":{"line":35,"column":2}},"3":{"start":{"line":37,"column":15},"end":{"line":37,"column":53}},"4":{"start":{"line":39,"column":0},"end":{"line":39,"column":24}}},"fnMap":{},"branchMap":{},"s":{"0":2,"1":2,"2":2,"3":2,"4":2},"f":{},"b":{},"_coverageSchema":"1a1c01bbd47fc00a2c39e90264f33305004495a9","hash":"fbb0a4b0e53400fd43074c2dc5f88c7b905a6505"}
,"/Users/qmranik/Programming/train-service-system/src/routes/stations.js": {"path":"/Users/qmranik/Programming/train-service-system/src/routes/stations.js","statementMap":{"0":{"start":{"line":2,"column":16},"end":{"line":2,"column":34}},"1":{"start":{"line":3,"column":15},"end":{"line":3,"column":31}},"2":{"start":{"line":4,"column":20},"end":{"line":4,"column":59}},"3":{"start":{"line":5,"column":54},"end":{"line":5,"column":97}},"4":{"start":{"line":8,"column":0},"end":{"line":8,"column":40}},"5":{"start":{"line":11,"column":0},"end":{"line":11,"column":29}},"6":{"start":{"line":14,"column":0},"end":{"line":14,"column":43}},"7":{"start":{"line":16,"column":0},"end":{"line":16,"column":24}}},"fnMap":{},"branchMap":{},"s":{"0":2,"1":2,"2":2,"3":2,"4":2,"5":2,"6":2,"7":2},"f":{},"b":{},"_coverageSchema":"1a1c01bbd47fc00a2c39e90264f33305004495a9","hash":"df4524d0843f1999aaa0e273b648034498e1967c"}
,"/Users/qmranik/Programming/train-service-system/src/routes/ticket.js": {"path":"/Users/qmranik/Programming/train-service-system/src/routes/ticket.js","statementMap":{"0":{"start":{"line":2,"column":16},"end":{"line":2,"column":34}},"1":{"start":{"line":3,"column":15},"end":{"line":3,"column":31}},"2":{"start":{"line":4,"column":27},"end":{"line":4,"column":69}},"3":{"start":{"line":5,"column":20},"end":{"line":5,"column":59}},"4":{"start":{"line":8,"column":0},"end":{"line":8,"column":57}},"5":{"start":{"line":10,"column":0},"end":{"line":10,"column":24}}},"fnMap":{},"branchMap":{},"s":{"0":2,"1":2,"2":2,"3":2,"4":2,"5":2},"f":{},"b":{},"_coverageSchema":"1a1c01bbd47fc00a2c39e90264f33305004495a9","hash":"72172151f254d1f2f9548456ec298418a1925c94"}
,"/Users/qmranik/Programming/train-service-system/src/routes/trains.js": {"path":"/Users/qmranik/Programming/train-service-system/src/routes/trains.js","statementMap":{"0":{"start":{"line":2,"column":16},"end":{"line":2,"column":34}},"1":{"start":{"line":3,"column":15},"end":{"line":3,"column":31}},"2":{"start":{"line":5,"column":20},"end":{"line":5,"column":59}},"3":{"start":{"line":6,"column":48},"end":{"line":6,"column":89}},"4":{"start":{"line":9,"column":0},"end":{"line":9,"column":38}},"5":{"start":{"line":12,"column":0},"end":{"line":12,"column":27}},"6":{"start":{"line":15,"column":0},"end":{"line":15,"column":40}},"7":{"start":{"line":17,"column":0},"end":{"line":17,"column":24}}},"fnMap":{},"branchMap":{},"s":{"0":2,"1":2,"2":2,"3":2,"4":2,"5":2,"6":2,"7":2},"f":{},"b":{},"_coverageSchema":"1a1c01bbd47fc00a2c39e90264f33305004495a9","hash":"2e891d3b676f9058a1722e2317905d74eacae89f"}
,"/Users/qmranik/Programming/train-service-system/src/routes/user.js": {"path":"/Users/qmranik/Programming/train-service-system/src/routes/user.js","statementMap":{"0":{"start":{"line":1,"column":16},"end":{"line":1,"column":34}},"1":{"start":{"line":2,"column":15},"end":{"line":2,"column":31}},"2":{"start":{"line":3,"column":36},"end":{"line":3,"column":76}},"3":{"start":{"line":6,"column":0},"end":{"line":6,"column":39}},"4":{"start":{"line":8,"column":0},"end":{"line":8,"column":33}},"5":{"start":{"line":10,"column":0},"end":{"line":10,"column":24}}},"fnMap":{},"branchMap":{},"s":{"0":2,"1":2,"2":2,"3":2,"4":2,"5":2},"f":{},"b":{},"_coverageSchema":"1a1c01bbd47fc00a2c39e90264f33305004495a9","hash":"e83db9d2b34ffa3a935c4729302d7a3578a565b3"}
,"/Users/qmranik/Programming/train-service-system/src/routes/wallet.js": {"path":"/Users/qmranik/Programming/train-service-system/src/routes/wallet.js","statementMap":{"0":{"start":{"line":2,"column":16},"end":{"line":2,"column":34}},"1":{"start":{"line":3,"column":15},"end":{"line":3,"column":31}},"2":{"start":{"line":4,"column":51},"end":{"line":4,"column":93}},"3":{"start":{"line":5,"column":20},"end":{"line":5,"column":59}},"4":{"start":{"line":8,"column":0},"end":{"line":8,"column":45}},"5":{"start":{"line":11,"column":0},"end":{"line":11,"column":43}},"6":{"start":{"line":13,"column":0},"end":{"line":13,"column":24}}},"fnMap":{},"branchMap":{},"s":{"0":2,"1":2,"2":2,"3":2,"4":2,"5":2,"6":2},"f":{},"b":{},"_coverageSchema":"1a1c01bbd47fc00a2c39e90264f33305004495a9","hash":"a66bac3273f899af8ea210908394b30e9c9527c9"}
,"/Users/qmranik/Programming/train-service-system/src/services/scheduler.js": {"path":"/Users/qmranik/Programming/train-service-system/src/services/scheduler.js","statementMap":{"0":{"start":{"line":1,"column":13},"end":{"line":1,"column":33}},"1":{"start":{"line":2,"column":14},"end":{"line":2,"column":40}},"2":{"start":{"line":3,"column":13},"end":{"line":3,"column":38}},"3":{"start":{"line":4,"column":21},"end":{"line":4,"column":49}},"4":{"start":{"line":6,"column":26},"end":{"line":35,"column":1}},"5":{"start":{"line":8,"column":2},"end":{"line":34,"column":5}},"6":{"start":{"line":9,"column":4},"end":{"line":9,"column":71}},"7":{"start":{"line":11,"column":4},"end":{"line":33,"column":5}},"8":{"start":{"line":12,"column":18},"end":{"line":12,"column":28}},"9":{"start":{"line":13,"column":29},"end":{"line":13,"column":69}},"10":{"start":{"line":16,"column":29},"end":{"line":18,"column":8}},"11":{"start":{"line":21,"column":6},"end":{"line":28,"column":7}},"12":{"start":{"line":22,"column":33},"end":{"line":22,"column":80}},"13":{"start":{"line":24,"column":8},"end":{"line":27,"column":9}},"14":{"start":{"line":26,"column":10},"end":{"line":26,"column":48}},"15":{"start":{"line":30,"column":6},"end":{"line":30,"column":56}},"16":{"start":{"line":32,"column":6},"end":{"line":32,"column":54}},"17":{"start":{"line":37,"column":0},"end":{"line":37,"column":35}}},"fnMap":{"0":{"name":"(anonymous_0)","decl":{"start":{"line":6,"column":26},"end":{"line":6,"column":27}},"loc":{"start":{"line":6,"column":32},"end":{"line":35,"column":1}},"line":6},"1":{"name":"(anonymous_1)","decl":{"start":{"line":8,"column":29},"end":{"line":8,"column":30}},"loc":{"start":{"line":8,"column":41},"end":{"line":34,"column":3}},"line":8}},"branchMap":{},"s":{"0":2,"1":2,"2":2,"3":2,"4":2,"5":2,"6":0,"7":0,"8":0,"9":0,"10":0,"11":0,"12":0,"13":0,"14":0,"15":0,"16":0,"17":2},"f":{"0":2,"1":0},"b":{},"_coverageSchema":"1a1c01bbd47fc00a2c39e90264f33305004495a9","hash":"03ce7614d324ce455206800ff0e8b0d074190f06"}
,"/Users/qmranik/Programming/train-service-system/src/utils/reminder.js": {"path":"/Users/qmranik/Programming/train-service-system/src/utils/reminder.js","statementMap":{"0":{"start":{"line":1,"column":19},"end":{"line":1,"column":40}},"1":{"start":{"line":3,"column":21},"end":{"line":21,"column":1}},"2":{"start":{"line":4,"column":22},"end":{"line":10,"column":4}},"3":{"start":{"line":12,"column":22},"end":{"line":17,"column":3}},"4":{"start":{"line":19,"column":2},"end":{"line":19,"column":42}},"5":{"start":{"line":20,"column":2},"end":{"line":20,"column":43}},"6":{"start":{"line":23,"column":0},"end":{"line":23,"column":30}}},"fnMap":{"0":{"name":"(anonymous_0)","decl":{"start":{"line":3,"column":21},"end":{"line":3,"column":22}},"loc":{"start":{"line":3,"column":45},"end":{"line":21,"column":1}},"line":3}},"branchMap":{},"s":{"0":2,"1":2,"2":0,"3":0,"4":0,"5":0,"6":2},"f":{"0":0},"b":{},"_coverageSchema":"1a1c01bbd47fc00a2c39e90264f33305004495a9","hash":"d5d4d33c03252811d2ac31fc3604063e238b23de"}
}
